<?xml version="1.0" encoding="UTF-8" ?>
<testsuite failures="0" time="0.014" errors="0" skipped="0" tests="1" name="com.project.mein.demo.AppTest">
  <properties>
    <property name="java.runtime.name" value="Java(TM) SE Runtime Environment"/>
    <property name="sun.boot.library.path" value="C:\Program Files (x86)\Java\jdk1.7.0_79\jre\bin"/>
    <property name="java.vm.version" value="24.79-b02"/>
    <property name="java.vm.vendor" value="Oracle Corporation"/>
    <property name="java.vendor.url" value="http://java.oracle.com/"/>
    <property name="path.separator" value=";"/>
    <property name="java.vm.name" value="Java HotSpot(TM) Client VM"/>
    <property name="file.encoding.pkg" value="sun.io"/>
    <property name="user.script" value=""/>
    <property name="user.country" value="US"/>
    <property name="sun.java.launcher" value="SUN_STANDARD"/>
    <property name="sun.os.patch.level" value=""/>
    <property name="java.vm.specification.name" value="Java Virtual Machine Specification"/>
    <property name="user.dir" value="C:\Users\Arslanyasinwattoo\git\demo"/>
    <property name="java.runtime.version" value="1.7.0_79-b15"/>
    <property name="java.awt.graphicsenv" value="sun.awt.Win32GraphicsEnvironment"/>
    <property name="basedir" value="C:\Users\Arslanyasinwattoo\git\demo"/>
    <property name="java.endorsed.dirs" value="C:\Program Files (x86)\Java\jdk1.7.0_79\jre\lib\endorsed"/>
    <property name="os.arch" value="x86"/>
    <property name="surefire.real.class.path" value="C:\Users\Arslanyasinwattoo\git\demo\target\surefire\surefirebooter2290912492403992894.jar"/>
    <property name="java.io.tmpdir" value="C:\Users\ARSLAN~1\AppData\Local\Temp\"/>
    <property name="line.separator" value="
"/>
    <property name="java.vm.specification.vendor" value="Oracle Corporation"/>
    <property name="user.variant" value=""/>
    <property name="os.name" value="Windows 8.1"/>
    <property name="sun.jnu.encoding" value="Cp1252"/>
    <property name="java.library.path" value="C:\Program Files (x86)\Java\jdk1.7.0_79\jre\bin;C:\WINDOWS\Sun\Java\bin;C:\WINDOWS\system32;C:\WINDOWS;C:\ProgramData\Oracle\Java\javapath;C:\WINDOWS\system32;C:\WINDOWS;C:\WINDOWS\System32\Wbem;C:\WINDOWS\System32\WindowsPowerShell\v1.0\;C:\Program Files (x86)\AMD\ATI.ACE\Core-Static;C:\Program Files\Intel\WiFi\bin\;C:\Program Files\Common Files\Intel\WirelessCommon\;C:\WINDOWS\system32\config\systemprofile\.dnx\bin;C:\Program Files\Microsoft DNX\Dnvm\;E:\uni work\wamp\bin\php\php5.5.12;C:\Program Files (x86)\Windows Kits\8.1\Windows Performance Toolkit\;C:\Program Files\Git\cmd;C:\Program Files\TortoiseGit\bin;C:\Program Files\Microsoft SQL Server\110\Tools\Binn\;C:\Program Files (x86)\Microsoft SDKs\TypeScript\1.0\;C:\Program Files\Microsoft SQL Server\120\Tools\Binn\;C:\Program Files (x86)\Skype\Phone\;C:\Program Files\nodejs\;C:\Program Files\MongoDB\Server\3.2\bin;C:\Users\Arslanyasinwattoo\AppData\Local\Microsoft\WindowsApps;;C:\Program Files (x86)\Microsoft VS Code\bin;C:\Users\Arslanyasinwattoo\AppData\Roaming\npm;."/>
    <property name="surefire.test.class.path" value="C:\Users\Arslanyasinwattoo\git\demo\target\test-classes;C:\Users\Arslanyasinwattoo\git\demo\target\classes;C:\Users\Arslanyasinwattoo\.m2\repository\mysql\mysql-connector-java\5.1.6\mysql-connector-java-5.1.6.jar;C:\Users\Arslanyasinwattoo\.m2\repository\org\hibernate\hibernate-core\3.6.10.Final\hibernate-core-3.6.10.Final.jar;C:\Users\Arslanyasinwattoo\.m2\repository\antlr\antlr\2.7.6\antlr-2.7.6.jar;C:\Users\Arslanyasinwattoo\.m2\repository\commons-collections\commons-collections\3.1\commons-collections-3.1.jar;C:\Users\Arslanyasinwattoo\.m2\repository\dom4j\dom4j\1.6.1\dom4j-1.6.1.jar;C:\Users\Arslanyasinwattoo\.m2\repository\org\hibernate\hibernate-commons-annotations\3.2.0.Final\hibernate-commons-annotations-3.2.0.Final.jar;C:\Users\Arslanyasinwattoo\.m2\repository\org\hibernate\javax\persistence\hibernate-jpa-2.0-api\1.0.1.Final\hibernate-jpa-2.0-api-1.0.1.Final.jar;C:\Users\Arslanyasinwattoo\.m2\repository\javax\transaction\jta\1.1\jta-1.1.jar;C:\Users\Arslanyasinwattoo\.m2\repository\org\slf4j\slf4j-api\1.6.1\slf4j-api-1.6.1.jar;C:\Users\Arslanyasinwattoo\.m2\repository\org\slf4j\jcl-over-slf4j\1.6.6\jcl-over-slf4j-1.6.6.jar;C:\Users\Arslanyasinwattoo\.m2\repository\ch\qos\logback\logback-classic\1.0.0\logback-classic-1.0.0.jar;C:\Users\Arslanyasinwattoo\.m2\repository\ch\qos\logback\logback-core\1.0.0\logback-core-1.0.0.jar;C:\Users\Arslanyasinwattoo\.m2\repository\org\springframework\spring-webmvc\4.3.0.RELEASE\spring-webmvc-4.3.0.RELEASE.jar;C:\Users\Arslanyasinwattoo\.m2\repository\org\springframework\spring-beans\4.3.0.RELEASE\spring-beans-4.3.0.RELEASE.jar;C:\Users\Arslanyasinwattoo\.m2\repository\org\springframework\spring-context\4.3.0.RELEASE\spring-context-4.3.0.RELEASE.jar;C:\Users\Arslanyasinwattoo\.m2\repository\org\springframework\spring-core\4.3.0.RELEASE\spring-core-4.3.0.RELEASE.jar;C:\Users\Arslanyasinwattoo\.m2\repository\commons-logging\commons-logging\1.2\commons-logging-1.2.jar;C:\Users\Arslanyasinwattoo\.m2\repository\org\springframework\spring-expression\4.3.0.RELEASE\spring-expression-4.3.0.RELEASE.jar;C:\Users\Arslanyasinwattoo\.m2\repository\org\springframework\spring-web\4.3.0.RELEASE\spring-web-4.3.0.RELEASE.jar;C:\Users\Arslanyasinwattoo\.m2\repository\org\springframework\spring-tx\4.3.0.RELEASE\spring-tx-4.3.0.RELEASE.jar;C:\Users\Arslanyasinwattoo\.m2\repository\org\springframework\spring-jdbc\4.3.0.RELEASE\spring-jdbc-4.3.0.RELEASE.jar;C:\Users\Arslanyasinwattoo\.m2\repository\org\springframework\spring-orm\4.3.0.RELEASE\spring-orm-4.3.0.RELEASE.jar;C:\Users\Arslanyasinwattoo\.m2\repository\org\springframework\spring-aop\4.3.0.RELEASE\spring-aop-4.3.0.RELEASE.jar;C:\Users\Arslanyasinwattoo\.m2\repository\com\fasterxml\jackson\core\jackson-core\2.7.0\jackson-core-2.7.0.jar;C:\Users\Arslanyasinwattoo\.m2\repository\com\fasterxml\jackson\core\jackson-databind\2.7.0\jackson-databind-2.7.0.jar;C:\Users\Arslanyasinwattoo\.m2\repository\com\fasterxml\jackson\core\jackson-annotations\2.7.0\jackson-annotations-2.7.0.jar;C:\Users\Arslanyasinwattoo\.m2\repository\javax\servlet\javax.servlet-api\3.0.1\javax.servlet-api-3.0.1.jar;C:\Users\Arslanyasinwattoo\.m2\repository\commons-dbcp\commons-dbcp\1.4\commons-dbcp-1.4.jar;C:\Users\Arslanyasinwattoo\.m2\repository\commons-pool\commons-pool\1.5.4\commons-pool-1.5.4.jar;C:\Users\Arslanyasinwattoo\.m2\repository\javassist\javassist\3.12.1.GA\javassist-3.12.1.GA.jar;C:\Users\Arslanyasinwattoo\.m2\repository\org\hamcrest\hamcrest-all\1.3\hamcrest-all-1.3.jar;C:\Users\Arslanyasinwattoo\.m2\repository\junit\junit\4.12\junit-4.12.jar;C:\Users\Arslanyasinwattoo\.m2\repository\org\mockito\mockito-core\1.9.5\mockito-core-1.9.5.jar;C:\Users\Arslanyasinwattoo\.m2\repository\org\hamcrest\hamcrest-core\1.1\hamcrest-core-1.1.jar;C:\Users\Arslanyasinwattoo\.m2\repository\org\objenesis\objenesis\1.0\objenesis-1.0.jar;C:\Users\Arslanyasinwattoo\.m2\repository\org\springframework\spring-test\4.3.0.RELEASE\spring-test-4.3.0.RELEASE.jar;C:\Users\Arslanyasinwattoo\.m2\repository\com\jayway\jsonpath\json-path\2.2.0\json-path-2.2.0.jar;C:\Users\Arslanyasinwattoo\.m2\repository\net\minidev\json-smart\2.2.1\json-smart-2.2.1.jar;C:\Users\Arslanyasinwattoo\.m2\repository\net\minidev\accessors-smart\1.1\accessors-smart-1.1.jar;C:\Users\Arslanyasinwattoo\.m2\repository\org\ow2\asm\asm\5.0.3\asm-5.0.3.jar;C:\Users\Arslanyasinwattoo\.m2\repository\com\jayway\jsonpath\json-path-assert\2.2.0\json-path-assert-2.2.0.jar;C:\Users\Arslanyasinwattoo\.m2\repository\org\hamcrest\hamcrest-library\1.3\hamcrest-library-1.3.jar;"/>
    <property name="java.specification.name" value="Java Platform API Specification"/>
    <property name="java.class.version" value="51.0"/>
    <property name="sun.management.compiler" value="HotSpot Client Compiler"/>
    <property name="os.version" value="6.3"/>
    <property name="user.home" value="C:\Users\Arslanyasinwattoo"/>
    <property name="user.timezone" value="Europe/Berlin"/>
    <property name="java.awt.printerjob" value="sun.awt.windows.WPrinterJob"/>
    <property name="java.specification.version" value="1.7"/>
    <property name="file.encoding" value="Cp1252"/>
    <property name="user.name" value="Arslanyasinwattoo"/>
    <property name="java.class.path" value="C:\Users\Arslanyasinwattoo\git\demo\target\test-classes;C:\Users\Arslanyasinwattoo\git\demo\target\classes;C:\Users\Arslanyasinwattoo\.m2\repository\mysql\mysql-connector-java\5.1.6\mysql-connector-java-5.1.6.jar;C:\Users\Arslanyasinwattoo\.m2\repository\org\hibernate\hibernate-core\3.6.10.Final\hibernate-core-3.6.10.Final.jar;C:\Users\Arslanyasinwattoo\.m2\repository\antlr\antlr\2.7.6\antlr-2.7.6.jar;C:\Users\Arslanyasinwattoo\.m2\repository\commons-collections\commons-collections\3.1\commons-collections-3.1.jar;C:\Users\Arslanyasinwattoo\.m2\repository\dom4j\dom4j\1.6.1\dom4j-1.6.1.jar;C:\Users\Arslanyasinwattoo\.m2\repository\org\hibernate\hibernate-commons-annotations\3.2.0.Final\hibernate-commons-annotations-3.2.0.Final.jar;C:\Users\Arslanyasinwattoo\.m2\repository\org\hibernate\javax\persistence\hibernate-jpa-2.0-api\1.0.1.Final\hibernate-jpa-2.0-api-1.0.1.Final.jar;C:\Users\Arslanyasinwattoo\.m2\repository\javax\transaction\jta\1.1\jta-1.1.jar;C:\Users\Arslanyasinwattoo\.m2\repository\org\slf4j\slf4j-api\1.6.1\slf4j-api-1.6.1.jar;C:\Users\Arslanyasinwattoo\.m2\repository\org\slf4j\jcl-over-slf4j\1.6.6\jcl-over-slf4j-1.6.6.jar;C:\Users\Arslanyasinwattoo\.m2\repository\ch\qos\logback\logback-classic\1.0.0\logback-classic-1.0.0.jar;C:\Users\Arslanyasinwattoo\.m2\repository\ch\qos\logback\logback-core\1.0.0\logback-core-1.0.0.jar;C:\Users\Arslanyasinwattoo\.m2\repository\org\springframework\spring-webmvc\4.3.0.RELEASE\spring-webmvc-4.3.0.RELEASE.jar;C:\Users\Arslanyasinwattoo\.m2\repository\org\springframework\spring-beans\4.3.0.RELEASE\spring-beans-4.3.0.RELEASE.jar;C:\Users\Arslanyasinwattoo\.m2\repository\org\springframework\spring-context\4.3.0.RELEASE\spring-context-4.3.0.RELEASE.jar;C:\Users\Arslanyasinwattoo\.m2\repository\org\springframework\spring-core\4.3.0.RELEASE\spring-core-4.3.0.RELEASE.jar;C:\Users\Arslanyasinwattoo\.m2\repository\commons-logging\commons-logging\1.2\commons-logging-1.2.jar;C:\Users\Arslanyasinwattoo\.m2\repository\org\springframework\spring-expression\4.3.0.RELEASE\spring-expression-4.3.0.RELEASE.jar;C:\Users\Arslanyasinwattoo\.m2\repository\org\springframework\spring-web\4.3.0.RELEASE\spring-web-4.3.0.RELEASE.jar;C:\Users\Arslanyasinwattoo\.m2\repository\org\springframework\spring-tx\4.3.0.RELEASE\spring-tx-4.3.0.RELEASE.jar;C:\Users\Arslanyasinwattoo\.m2\repository\org\springframework\spring-jdbc\4.3.0.RELEASE\spring-jdbc-4.3.0.RELEASE.jar;C:\Users\Arslanyasinwattoo\.m2\repository\org\springframework\spring-orm\4.3.0.RELEASE\spring-orm-4.3.0.RELEASE.jar;C:\Users\Arslanyasinwattoo\.m2\repository\org\springframework\spring-aop\4.3.0.RELEASE\spring-aop-4.3.0.RELEASE.jar;C:\Users\Arslanyasinwattoo\.m2\repository\com\fasterxml\jackson\core\jackson-core\2.7.0\jackson-core-2.7.0.jar;C:\Users\Arslanyasinwattoo\.m2\repository\com\fasterxml\jackson\core\jackson-databind\2.7.0\jackson-databind-2.7.0.jar;C:\Users\Arslanyasinwattoo\.m2\repository\com\fasterxml\jackson\core\jackson-annotations\2.7.0\jackson-annotations-2.7.0.jar;C:\Users\Arslanyasinwattoo\.m2\repository\javax\servlet\javax.servlet-api\3.0.1\javax.servlet-api-3.0.1.jar;C:\Users\Arslanyasinwattoo\.m2\repository\commons-dbcp\commons-dbcp\1.4\commons-dbcp-1.4.jar;C:\Users\Arslanyasinwattoo\.m2\repository\commons-pool\commons-pool\1.5.4\commons-pool-1.5.4.jar;C:\Users\Arslanyasinwattoo\.m2\repository\javassist\javassist\3.12.1.GA\javassist-3.12.1.GA.jar;C:\Users\Arslanyasinwattoo\.m2\repository\org\hamcrest\hamcrest-all\1.3\hamcrest-all-1.3.jar;C:\Users\Arslanyasinwattoo\.m2\repository\junit\junit\4.12\junit-4.12.jar;C:\Users\Arslanyasinwattoo\.m2\repository\org\mockito\mockito-core\1.9.5\mockito-core-1.9.5.jar;C:\Users\Arslanyasinwattoo\.m2\repository\org\hamcrest\hamcrest-core\1.1\hamcrest-core-1.1.jar;C:\Users\Arslanyasinwattoo\.m2\repository\org\objenesis\objenesis\1.0\objenesis-1.0.jar;C:\Users\Arslanyasinwattoo\.m2\repository\org\springframework\spring-test\4.3.0.RELEASE\spring-test-4.3.0.RELEASE.jar;C:\Users\Arslanyasinwattoo\.m2\repository\com\jayway\jsonpath\json-path\2.2.0\json-path-2.2.0.jar;C:\Users\Arslanyasinwattoo\.m2\repository\net\minidev\json-smart\2.2.1\json-smart-2.2.1.jar;C:\Users\Arslanyasinwattoo\.m2\repository\net\minidev\accessors-smart\1.1\accessors-smart-1.1.jar;C:\Users\Arslanyasinwattoo\.m2\repository\org\ow2\asm\asm\5.0.3\asm-5.0.3.jar;C:\Users\Arslanyasinwattoo\.m2\repository\com\jayway\jsonpath\json-path-assert\2.2.0\json-path-assert-2.2.0.jar;C:\Users\Arslanyasinwattoo\.m2\repository\org\hamcrest\hamcrest-library\1.3\hamcrest-library-1.3.jar;"/>
    <property name="java.vm.specification.version" value="1.7"/>
    <property name="sun.arch.data.model" value="32"/>
    <property name="java.home" value="C:\Program Files (x86)\Java\jdk1.7.0_79\jre"/>
    <property name="sun.java.command" value="C:\Users\Arslanyasinwattoo\git\demo\target\surefire\surefirebooter2290912492403992894.jar C:\Users\Arslanyasinwattoo\git\demo\target\surefire\surefire2793772156282985807tmp C:\Users\Arslanyasinwattoo\git\demo\target\surefire\surefire6957985372364062364tmp"/>
    <property name="java.specification.vendor" value="Oracle Corporation"/>
    <property name="user.language" value="en"/>
    <property name="awt.toolkit" value="sun.awt.windows.WToolkit"/>
    <property name="java.vm.info" value="mixed mode"/>
    <property name="java.version" value="1.7.0_79"/>
    <property name="java.ext.dirs" value="C:\Program Files (x86)\Java\jdk1.7.0_79\jre\lib\ext;C:\WINDOWS\Sun\Java\lib\ext"/>
    <property name="sun.boot.class.path" value="C:\Program Files (x86)\Java\jdk1.7.0_79\jre\lib\resources.jar;C:\Program Files (x86)\Java\jdk1.7.0_79\jre\lib\rt.jar;C:\Program Files (x86)\Java\jdk1.7.0_79\jre\lib\sunrsasign.jar;C:\Program Files (x86)\Java\jdk1.7.0_79\jre\lib\jsse.jar;C:\Program Files (x86)\Java\jdk1.7.0_79\jre\lib\jce.jar;C:\Program Files (x86)\Java\jdk1.7.0_79\jre\lib\charsets.jar;C:\Program Files (x86)\Java\jdk1.7.0_79\jre\lib\jfr.jar;C:\Program Files (x86)\Java\jdk1.7.0_79\jre\classes"/>
    <property name="java.vendor" value="Oracle Corporation"/>
    <property name="localRepository" value="C:\Users\Arslanyasinwattoo\.m2\repository"/>
    <property name="file.separator" value="\"/>
    <property name="java.vendor.url.bug" value="http://bugreport.sun.com/bugreport/"/>
    <property name="sun.cpu.endian" value="little"/>
    <property name="sun.io.unicode.encoding" value="UnicodeLittle"/>
    <property name="sun.desktop" value="windows"/>
    <property name="sun.cpu.isalist" value="pentium_pro+mmx pentium_pro pentium+mmx pentium i486 i386 i86"/>
  </properties>
  <testcase time="0" classname="com.project.mein.demo.AppTest" name="testApp"/>
</testsuite>